<?xml version="1.0" encoding="UTF-8"?>
<!-- Generated by org.testng.reporters.JUnitReportReporter -->
<testsuite skipped="6" hostname="swati-X555LD" name="testcase01.Hotel_search" tests="7" failures="0" timestamp="23 Sep 2020 08:21:29 GMT" time="0.000" errors="1">
  <testcase name="setUp" time="0.000" classname="testcase01.Hotel_search">
    <error type="org.testng.TestNGException" message="
Parameter &#039;browsername&#039; is required by BeforeTest on method setUp but has not been marked @Optional or defined
in /tmp/testng-eclipse-446469632/testng-customsuite.xml">
      <![CDATA[org.testng.TestNGException: 
Parameter 'browsername' is required by BeforeTest on method setUp but has not been marked @Optional or defined
in /tmp/testng-eclipse-446469632/testng-customsuite.xml
	at org.testng.internal.Parameters.createParameters(Parameters.java:199)
	at org.testng.internal.Parameters.createParameters(Parameters.java:443)
	at org.testng.internal.Parameters.createConfigurationParameters(Parameters.java:118)
	at org.testng.internal.Invoker.invokeConfigurations(Invoker.java:206)
	at org.testng.internal.Invoker.invokeConfigurations(Invoker.java:146)
	at org.testng.TestRunner.beforeRun(TestRunner.java:626)
	at org.testng.TestRunner.run(TestRunner.java:594)
	at org.testng.SuiteRunner.runTest(SuiteRunner.java:380)
	at org.testng.SuiteRunner.runSequentially(SuiteRunner.java:375)
	at org.testng.SuiteRunner.privateRun(SuiteRunner.java:340)
	at org.testng.SuiteRunner.run(SuiteRunner.java:289)
	at org.testng.SuiteRunnerWorker.runSuite(SuiteRunnerWorker.java:52)
	at org.testng.SuiteRunnerWorker.run(SuiteRunnerWorker.java:86)
	at org.testng.TestNG.runSuitesSequentially(TestNG.java:1301)
	at org.testng.TestNG.runSuitesLocally(TestNG.java:1226)
	at org.testng.TestNG.runSuites(TestNG.java:1144)
	at org.testng.TestNG.run(TestNG.java:1115)
	at org.testng.remote.AbstractRemoteTestNG.run(AbstractRemoteTestNG.java:132)
	at org.testng.remote.RemoteTestNG.initAndRun(RemoteTestNG.java:230)
	at org.testng.remote.RemoteTestNG.main(RemoteTestNG.java:76)
]]>
    </error>
  </testcase> <!-- setUp -->
  <testcase name="test" time="0.000" classname="testcase01.Hotel_search">
    <skipped/>
  </testcase> <!-- test -->
  <testcase name="From" time="0.000" classname="testcase01.Hotel_search">
    <skipped/>
  </testcase> <!-- From -->
  <testcase name="Date" time="0.000" classname="testcase01.Hotel_search">
    <skipped/>
  </testcase> <!-- Date -->
  <testcase name="Search" time="0.000" classname="testcase01.Hotel_search">
    <skipped/>
  </testcase> <!-- Search -->
  <testcase name="Flights" time="0.000" classname="testcase01.Hotel_search">
    <skipped/>
  </testcase> <!-- Flights -->
  <testcase name="count" time="0.000" classname="testcase01.Hotel_search">
    <skipped/>
  </testcase> <!-- count -->
</testsuite> <!-- testcase01.Hotel_search -->
